{"/Users/leeseohyun/Desktop/xxz/11st_FrontendTest/src/ClockRender.js": {"path":"/Users/leeseohyun/Desktop/xxz/11st_FrontendTest/src/ClockRender.js","statementMap":{"0":{"start":{"line":2,"column":16},"end":{"line":2,"column":26}},"1":{"start":{"line":3,"column":15},"end":{"line":3,"column":34}},"2":{"start":{"line":4,"column":16},"end":{"line":4,"column":34}},"3":{"start":{"line":5,"column":15},"end":{"line":5,"column":30}},"4":{"start":{"line":6,"column":16},"end":{"line":6,"column":32}},"5":{"start":{"line":7,"column":18},"end":{"line":7,"column":36}},"6":{"start":{"line":8,"column":18},"end":{"line":8,"column":36}},"7":{"start":{"line":10,"column":4},"end":{"line":15,"column":51}},"8":{"start":{"line":19,"column":4},"end":{"line":19,"column":51}},"9":{"start":{"line":19,"column":19},"end":{"line":19,"column":51}},"10":{"start":{"line":20,"column":4},"end":{"line":20,"column":16}},"11":{"start":{"line":24,"column":15},"end":{"line":24,"column":17}},"12":{"start":{"line":25,"column":4},"end":{"line":29,"column":19}},"13":{"start":{"line":26,"column":8},"end":{"line":26,"column":18}},"14":{"start":{"line":27,"column":8},"end":{"line":27,"column":16}},"15":{"start":{"line":29,"column":9},"end":{"line":29,"column":19}},"16":{"start":{"line":31,"column":4},"end":{"line":31,"column":39}},"17":{"start":{"line":32,"column":4},"end":{"line":32,"column":33}},"18":{"start":{"line":34,"column":4},"end":{"line":34,"column":15}}},"fnMap":{"0":{"name":"ClockRender","decl":{"start":{"line":1,"column":9},"end":{"line":1,"column":20}},"loc":{"start":{"line":1,"column":22},"end":{"line":16,"column":1}},"line":1},"1":{"name":"parserHour","decl":{"start":{"line":18,"column":9},"end":{"line":18,"column":19}},"loc":{"start":{"line":18,"column":30},"end":{"line":21,"column":1}},"line":18},"2":{"name":"parserDay","decl":{"start":{"line":23,"column":9},"end":{"line":23,"column":18}},"loc":{"start":{"line":23,"column":32},"end":{"line":35,"column":1}},"line":23}},"branchMap":{"0":{"loc":{"start":{"line":19,"column":4},"end":{"line":19,"column":51}},"type":"if","locations":[{"start":{"line":19,"column":4},"end":{"line":19,"column":51}},{"start":{"line":19,"column":4},"end":{"line":19,"column":51}}],"line":19},"1":{"loc":{"start":{"line":25,"column":4},"end":{"line":29,"column":19}},"type":"if","locations":[{"start":{"line":25,"column":4},"end":{"line":29,"column":19}},{"start":{"line":25,"column":4},"end":{"line":29,"column":19}}],"line":25}},"s":{"0":0,"1":0,"2":0,"3":0,"4":0,"5":0,"6":0,"7":0,"8":4,"9":2,"10":4,"11":2,"12":2,"13":1,"14":1,"15":1,"16":2,"17":2,"18":2},"f":{"0":0,"1":4,"2":2},"b":{"0":[2,2],"1":[1,1]},"_coverageSchema":"1a1c01bbd47fc00a2c39e90264f33305004495a9","hash":"97a6065707d8c4214e09251f697d233692725cd0"}
}
